<?xml version="1.0" encoding="UTF-8"?>
<testng-results ignored="0" total="1" passed="1" failed="0" skipped="0">
  <reporter-output>
  </reporter-output>
  <suite started-at="2022-09-21T22:31:30 AZT" name="inetBankingV1" finished-at="2022-09-21T22:31:42 AZT" duration-ms="12127">
    <groups>
    </groups>
    <test started-at="2022-09-21T22:31:30 AZT" name="BankingApp Test" finished-at="2022-09-21T22:31:42 AZT" duration-ms="12127">
      <class name="com.inetBanking.testCases.TC_LoginTest_001">
        <test-method is-config="true" signature="setup(java.lang.String)[pri:0, instance:com.inetBanking.testCases.TC_LoginTest_001@45018215]" started-at="2022-09-21T22:31:30 AZT" name="setup" finished-at="2022-09-21T22:31:37 AZT" duration-ms="7426" status="PASS">
          <params>
            <param index="0">
              <value>
                <![CDATA[chrome]]>
              </value>
            </param>
          </params>
          <reporter-output>
          </reporter-output>
        </test-method> <!-- setup -->
        <test-method signature="loginTest()[pri:0, instance:com.inetBanking.testCases.TC_LoginTest_001@45018215]" started-at="2022-09-21T22:31:37 AZT" name="loginTest" finished-at="2022-09-21T22:31:41 AZT" duration-ms="4140" status="PASS">
          <reporter-output>
          </reporter-output>
        </test-method> <!-- loginTest -->
        <test-method is-config="true" signature="tearDown()[pri:0, instance:com.inetBanking.testCases.TC_LoginTest_001@45018215]" started-at="2022-09-21T22:31:41 AZT" name="tearDown" finished-at="2022-09-21T22:31:42 AZT" duration-ms="309" status="PASS">
          <reporter-output>
          </reporter-output>
        </test-method> <!-- tearDown -->
      </class> <!-- com.inetBanking.testCases.TC_LoginTest_001 -->
    </test> <!-- BankingApp Test -->
  </suite> <!-- inetBankingV1 -->
</testng-results>
